<?xml version="1.0" encoding="UTF-8"?>
<!-- Generated by org.testng.reporters.JUnitXMLReporter -->
<testsuite hostname="User-Pc" ignored="0" name="Default test" tests="9" failures="0" timestamp="2019-09-02T20:19:52 BDT" time="341.947" errors="0">
  <testcase name="automationTitleTest" time="0.05" classname="testcases.TitleTest"/>
  <testcase name="automationlogoTest" time="0.235" classname="testcases.TitleTest"/>
  <testcase name="signinTest" time="0.105" classname="testcases.TitleTest"/>
  <testcase name="addtocartTest" time="14.028" classname="testcases.TitleTest"/>
  <testcase name="removefromcartTest" time="17.248" classname="testcases.TitleTest"/>
  <testcase name="productdeliveryaddressTest" time="18.399" classname="testcases.TitleTest"/>
  <testcase name="productshippingTest" time="24.17" classname="testcases.TitleTest"/>
  <testcase name="productpaymentTest" time="33.15" classname="testcases.TitleTest"/>
  <testcase name="confirmmyorderTest" time="39.087" classname="testcases.TitleTest"/>
</testsuite> <!-- Default test -->
